<?xml version="1.0" encoding="UTF-8"?>
<!-- Generated by org.testng.reporters.JUnitReportReporter -->
<testsuite hostname="LAPTOP-A8LVSE7A" failures="0" tests="3" name="cucumberOptions.TestNGTestRunner" time="15.276" errors="0" timestamp="2023-09-08T15:39:43 ADT" skipped="0">
  <testcase classname="cucumberOptions.TestNGTestRunner" name="runScenario" time="4.524"/>
  <testcase classname="cucumberOptions.TestNGTestRunner" name="runScenario" time="5.220"/>
  <testcase classname="cucumberOptions.TestNGTestRunner" name="runScenario" time="5.532"/>
</testsuite> <!-- cucumberOptions.TestNGTestRunner -->
