<?xml version="1.0" encoding="UTF-8"?>
<!-- Generated by org.testng.reporters.JUnitReportReporter -->
<testsuite hostname="LAPTOP-A8LVSE7A" failures="0" tests="3" name="cucumberOptions.TestNGTestRunner" time="14.627" errors="0" timestamp="2023-09-28T10:39:47 ADT" skipped="0">
  <testcase classname="cucumberOptions.TestNGTestRunner" name="runScenario" time="4.181"/>
  <testcase classname="cucumberOptions.TestNGTestRunner" name="runScenario" time="5.009"/>
  <testcase classname="cucumberOptions.TestNGTestRunner" name="runScenario" time="5.437"/>
</testsuite> <!-- cucumberOptions.TestNGTestRunner -->
